<?xml version="1.0" encoding="utf-8"?><testsuites name="pytest tests"><testsuite name="pytest" errors="0" failures="0" skipped="0" tests="8" time="20.425" timestamp="2026-08-24T17:27:42.314841+00:00" hostname="agent-env-ac9a22eb-6871-4c05-965c-87d259dc45b5"><testcase classname="tests.test_yesno_api" name="test_root" time="0.276" /><testcase classname="tests.test_yesno_api" name="test_definite_yes" time="4.671" /><testcase classname="tests.test_yesno_api" name="test_definite_no" time="7.395" /><testcase classname="tests.test_yesno_api" name="test_probabilistic" time="7.202" /><testcase classname="tests.test_yesno_api" name="test_empty_question" time="0.083" /><testcase classname="tests.test_yesno_api" name="test_too_short" time="0.074" /><testcase classname="tests.test_yesno_api" name="test_too_long" time="0.072" /><testcase classname="tests.test_yesno_api" name="test_no_key_leak" time="0.063" /></testsuite></testsuites>