<?xml version="1.0" encoding="utf-8"?><testsuites name="pytest tests"><testsuite name="pytest" errors="0" failures="0" skipped="0" tests="8" time="2.510" timestamp="2026-08-24T17:36:40.381159+00:00" hostname="agent-env-ac9a22eb-6871-4c05-965c-87d259dc45b5"><testcase classname="tests.test_share" name="test_post_share_returns_id" time="0.337" /><testcase classname="tests.test_share" name="test_get_share_returns_stored" time="0.296" /><testcase classname="tests.test_share" name="test_get_share_unknown_404" time="0.128" /><testcase classname="tests.test_share" name="test_share_image_png" time="0.359" /><testcase classname="tests.test_share" name="test_share_image_unknown_404" time="0.133" /><testcase classname="tests.test_share" name="test_share_html_page_og_tags" time="0.197" /><testcase classname="tests.test_share" name="test_share_html_unknown_404" time="0.307" /><testcase classname="tests.test_share" name="test_known_seed_share_id" time="0.129" /></testsuite></testsuites>